<?xml version="1.0" encoding="UTF-8"?>
<!-- Generated by org.testng.reporters.JUnitReportReporter -->
<testsuite hostname="DESKTOP-QFGC4R5" name="calci_testcases.SubtractionTest" tests="1" failures="0" timestamp="10 May 2021 11:02:49 GMT" time="17.755" errors="0">
  <testcase name="checkSub" time="17.755" classname="calci_testcases.SubtractionTest"/>
</testsuite> <!-- calci_testcases.SubtractionTest -->
