<?xml version="1.0" encoding="UTF-8"?>
<!-- Generated by org.testng.reporters.JUnitReportReporter -->
<testsuite hostname="DESKTOP-QFGC4R5" name="calci_testcases.AdditionTest" tests="1" failures="0" timestamp="10 May 2021 11:02:49 GMT" time="22.278" errors="0">
  <testcase name="checkAdd" time="22.278" classname="calci_testcases.AdditionTest"/>
</testsuite> <!-- calci_testcases.AdditionTest -->
