<?xml version="1.0" encoding="UTF-8"?>
<!-- Generated by org.testng.reporters.JUnitReportReporter -->
<testsuite hostname="DESKTOP-QFGC4R5" name="calci_tests.AddTest" tests="1" failures="0" timestamp="11 May 2021 05:52:33 GMT" time="6.914" errors="0">
  <testcase name="checkAdd" time="6.914" classname="calci_tests.AddTest"/>
</testsuite> <!-- calci_tests.AddTest -->
