<?xml version="1.0" encoding="UTF-8"?>
<!-- Generated by org.testng.reporters.JUnitReportReporter -->
<testsuite hostname="DESKTOP-QFGC4R5" name="calci_tests.SubTest" tests="1" failures="0" timestamp="11 May 2021 08:03:22 GMT" time="6.755" errors="0">
  <testcase name="checkSub" time="6.755" classname="calci_tests.SubTest"/>
</testsuite> <!-- calci_tests.SubTest -->
