<?xml version="1.0" encoding="UTF-8"?>
<!-- Generated by org.testng.reporters.JUnitReportReporter -->
<testsuite hostname="DESKTOP-QFGC4R5" name="runTestCasesWdHybridFW.OrangeHrmHybridFw" tests="1" failures="0" timestamp="5 May 2021 14:35:53 GMT" time="112.416" errors="0">
  <testcase name="orangehrmTestHybrid" time="112.416" classname="runTestCasesWdHybridFW.OrangeHrmHybridFw"/>
</testsuite> <!-- runTestCasesWdHybridFW.OrangeHrmHybridFw -->
