<?xml version="1.0" encoding="UTF-8"?>
<!-- Generated by org.testng.reporters.JUnitReportReporter -->
<testsuite hostname="DESKTOP-QFGC4R5" name="runTestCasesWdHybridFW.check" tests="1" failures="0" timestamp="4 May 2021 13:34:19 GMT" time="8.732" errors="0">
  <testcase name="maintest" time="8.732" classname="runTestCasesWdHybridFW.check"/>
</testsuite> <!-- runTestCasesWdHybridFW.check -->
