<?xml version="1.0" encoding="UTF-8"?>
<!-- Generated by org.testng.reporters.JUnitReportReporter -->
<testsuite hostname="DESKTOP-QFGC4R5" name="testRunners.Test" tests="1" failures="0" timestamp="16 May 2021 14:39:26 GMT" time="14.346" errors="0">
  <testcase name="test1" time="14.346" classname="testRunners.Test"/>
</testsuite> <!-- testRunners.Test -->
