<?xml version="1.0" encoding="UTF-8"?>
<!-- Generated by org.testng.reporters.JUnitReportReporter -->
<testsuite hostname="DESKTOP-QFGC4R5" name="testRunners.PrimusBankTest" tests="1" failures="0" timestamp="16 May 2021 14:41:50 GMT" time="75.039" errors="0">
  <testcase name="primusbanklogin" time="75.039" classname="testRunners.PrimusBankTest"/>
</testsuite> <!-- testRunners.PrimusBankTest -->
