<?xml version="1.0" encoding="UTF-8"?>
<!-- Generated by org.testng.reporters.JUnitReportReporter -->
<testsuite hostname="DESKTOP-QFGC4R5" name="tests.EmployeeRegTest" tests="1" failures="0" timestamp="22 Apr 2021 11:43:09 GMT" time="0.007" errors="0">
  <testcase name="checkEmpReg" time="0.007" classname="tests.EmployeeRegTest"/>
</testsuite> <!-- tests.EmployeeRegTest -->
