<?xml version="1.0" encoding="UTF-8"?>
<!-- Generated by org.testng.reporters.JUnitReportReporter -->
<testsuite hostname="DESKTOP-0RQF8FK" name="demos.GMail_Test" tests="2" failures="0" timestamp="19 Apr 2021 07:37:34 GMT" time="0.041" errors="0">
  <testcase name="sendMail" time="0.004" classname="demos.GMail_Test"/>
  <testcase name="receiveMail" time="0.037" classname="demos.GMail_Test"/>
</testsuite> <!-- demos.GMail_Test -->
