<?xml version="1.0" encoding="UTF-8"?>
<!-- Generated by org.testng.reporters.JUnitReportReporter -->
<testsuite hostname="DESKTOP-0RQF8FK" name="demos.ReceiveMailTest" tests="1" failures="0" timestamp="21 Apr 2021 07:40:36 GMT" time="0.000" errors="0">
  <testcase name="checkReceiveMail" time="0.000" classname="demos.ReceiveMailTest"/>
</testsuite> <!-- demos.ReceiveMailTest -->
